2023-10-31 23:38:45.478 [info] Log level: Info
2023-10-31 23:38:45.478 [info] Validating found git in: "git"
2023-10-31 23:38:45.478 [info] Using git "2.34.1" from "git"
2023-10-31 23:38:45.478 [info] > git rev-parse --show-toplevel [19ms]
2023-10-31 23:38:45.478 [info] > git rev-parse --git-dir --git-common-dir [7ms]
2023-10-31 23:38:45.478 [info] Open repository: /home/robin/E-commerce-rest-API
2023-10-31 23:38:46.352 [info] > git rev-parse --show-toplevel [858ms]
2023-10-31 23:38:46.354 [info] > git config --get commit.template [866ms]
2023-10-31 23:38:46.443 [info] > git rev-parse --show-toplevel [83ms]
2023-10-31 23:38:46.454 [info] > git for-each-ref --format=%(refname)%00%(upstream:short)%00%(objectname)%00%(upstream:track)%00%(upstream:remotename)%00%(upstream:remoteref) refs/heads/master refs/remotes/master [19ms]
2023-10-31 23:38:46.468 [info] > git rev-parse --show-toplevel [14ms]
2023-10-31 23:38:46.524 [info] > git status -z -uall [63ms]
2023-10-31 23:38:46.524 [info] > git show --textconv :index.js [36ms]
2023-10-31 23:38:46.574 [info] > git ls-files --stage -- /home/robin/E-commerce-rest-API/index.js [70ms]
2023-10-31 23:38:46.587 [info] > git cat-file -s 5d5c7c04a26f1dd4854edce745d27f566909420e [3ms]
2023-10-31 23:38:46.589 [info] > git config --get commit.template [16ms]
2023-10-31 23:38:46.609 [info] > git for-each-ref --format=%(refname)%00%(upstream:short)%00%(objectname)%00%(upstream:track)%00%(upstream:remotename)%00%(upstream:remoteref) refs/heads/master refs/remotes/master [10ms]
2023-10-31 23:38:47.092 [info] > git status -z -uall [471ms]
2023-10-31 23:38:47.138 [info] > git check-ignore -v -z --stdin [24ms]
2023-10-31 23:38:55.968 [info] > git config --get commit.template [7ms]
2023-10-31 23:38:55.968 [info] > git for-each-ref --format=%(refname)%00%(upstream:short)%00%(objectname)%00%(upstream:track)%00%(upstream:remotename)%00%(upstream:remoteref) refs/heads/master refs/remotes/master [1ms]
2023-10-31 23:38:55.980 [info] > git status -z -uall [7ms]
2023-10-31 23:38:56.063 [info] > git ls-files --stage -- /home/robin/E-commerce-rest-API/index.js [1ms]
2023-10-31 23:38:56.070 [info] > git cat-file -s 5d5c7c04a26f1dd4854edce745d27f566909420e [0ms]
2023-10-31 23:38:56.080 [info] > git show --textconv :index.js [1ms]
2023-10-31 23:38:59.120 [info] > git ls-files --stage -- /home/robin/E-commerce-rest-API/index.js [1ms]
2023-10-31 23:38:59.127 [info] > git cat-file -s 848787d233ccb9783f41203a8b297f21a78d3af4 [1ms]
2023-10-31 23:38:59.138 [info] > git show --textconv :index.js [1ms]
2023-10-31 23:39:01.000 [info] > git config --get commit.template [1ms]
2023-10-31 23:39:01.007 [info] > git for-each-ref --format=%(refname)%00%(upstream:short)%00%(objectname)%00%(upstream:track)%00%(upstream:remotename)%00%(upstream:remoteref) refs/heads/master refs/remotes/master [1ms]
2023-10-31 23:39:01.018 [info] > git status -z -uall [5ms]
2023-10-31 23:39:05.968 [info] > git ls-files --stage -- /home/robin/E-commerce-rest-API/index.js [1ms]
2023-10-31 23:39:05.975 [info] > git cat-file -s 848787d233ccb9783f41203a8b297f21a78d3af4 [1ms]
2023-10-31 23:39:05.985 [info] > git show --textconv :index.js [1ms]
2023-10-31 23:39:06.032 [info] > git config --get commit.template [0ms]
2023-10-31 23:39:06.039 [info] > git for-each-ref --format=%(refname)%00%(upstream:short)%00%(objectname)%00%(upstream:track)%00%(upstream:remotename)%00%(upstream:remoteref) refs/heads/master refs/remotes/master [1ms]
2023-10-31 23:39:06.048 [info] > git status -z -uall [3ms]
2023-10-31 23:42:14.555 [info] > git config --get commit.template [1ms]
2023-10-31 23:42:14.562 [info] > git for-each-ref --format=%(refname)%00%(upstream:short)%00%(objectname)%00%(upstream:track)%00%(upstream:remotename)%00%(upstream:remoteref) refs/heads/master refs/remotes/master [1ms]
2023-10-31 23:42:14.570 [info] > git status -z -uall [3ms]
2023-10-31 23:42:14.657 [info] > git ls-files --stage -- /home/robin/E-commerce-rest-API/index.js [1ms]
2023-10-31 23:42:14.663 [info] > git cat-file -s 848787d233ccb9783f41203a8b297f21a78d3af4 [0ms]
2023-10-31 23:42:14.673 [info] > git show --textconv :index.js [2ms]
2023-11-01 00:00:59.407 [info] > git config --get commit.template [7ms]
2023-11-01 00:00:59.407 [info] > git for-each-ref --format=%(refname)%00%(upstream:short)%00%(objectname)%00%(upstream:track)%00%(upstream:remotename)%00%(upstream:remoteref) refs/heads/master refs/remotes/master [2ms]
2023-11-01 00:00:59.418 [info] > git status -z -uall [4ms]
2023-11-01 00:00:59.501 [info] > git ls-files --stage -- /home/robin/E-commerce-rest-API/index.js [1ms]
2023-11-01 00:00:59.507 [info] > git cat-file -s 848787d233ccb9783f41203a8b297f21a78d3af4 [1ms]
2023-11-01 00:00:59.520 [info] > git show --textconv :index.js [2ms]
