2023-10-23 20:12:26.531 [info] Log level: Info
2023-10-23 20:12:26.531 [info] Validating found git in: "git"
2023-10-23 20:12:26.531 [info] Using git "2.34.1" from "git"
2023-10-23 20:12:26.531 [info] > git rev-parse --show-toplevel [30ms]
2023-10-23 20:12:26.531 [info] > git rev-parse --git-dir --git-common-dir [29ms]
2023-10-23 20:12:26.531 [info] Open repository: /mnt/c/Users/webma/Documents/robinsongr/E-commerce-rest-API
2023-10-23 20:12:26.531 [info] > git config --get commit.template [12ms]
2023-10-23 20:12:26.532 [info] > git rev-parse --show-toplevel [25ms]
2023-10-23 20:12:26.563 [info] > git rev-parse --show-toplevel [21ms]
2023-10-23 20:12:26.680 [info] > git for-each-ref --format=%(refname)%00%(upstream:short)%00%(objectname)%00%(upstream:track)%00%(upstream:remotename)%00%(upstream:remoteref) refs/heads/master refs/remotes/master [156ms]
2023-10-23 20:12:27.825 [info] > git check-ignore -v -z --stdin [73ms]
2023-10-23 20:12:31.908 [info] > git status -z -uall [5220ms]
2023-10-23 20:12:31.975 [info] > git config --get commit.template [27ms]
2023-10-23 20:12:32.191 [info] > git for-each-ref --format=%(refname)%00%(upstream:short)%00%(objectname)%00%(upstream:track)%00%(upstream:remotename)%00%(upstream:remoteref) refs/heads/master refs/remotes/master [231ms]
2023-10-23 20:12:38.711 [info] > git status -z -uall [6514ms]
2023-10-23 20:18:39.955 [info] > git check-ignore -v -z --stdin [29ms]
2023-10-23 20:18:40.492 [info] > git config --get commit.template [15ms]
2023-10-23 20:18:40.593 [info] > git for-each-ref --format=%(refname)%00%(upstream:short)%00%(objectname)%00%(upstream:track)%00%(upstream:remotename)%00%(upstream:remoteref) refs/heads/master refs/remotes/master [109ms]
2023-10-23 20:18:44.958 [info] > git status -z -uall [4360ms]
2023-10-23 20:19:43.694 [info] > git ls-files --stage -- /mnt/c/Users/webma/Documents/robinsongr/E-commerce-rest-API/routes/index.js [21ms]
2023-10-23 20:19:43.695 [info] > git show --textconv :routes/index.js [29ms]
2023-10-23 20:19:43.845 [info] > git check-ignore -v -z --stdin [47ms]
2023-10-23 20:19:59.768 [info] > git ls-files --stage -- /mnt/c/Users/webma/Documents/robinsongr/E-commerce-rest-API/index.js [33ms]
2023-10-23 20:19:59.842 [info] > git show --textconv :index.js [118ms]
2023-10-23 20:19:59.846 [info] > git cat-file -s 60abb39ba51aecafe2cc5fddc9f0fdebfae02cef [61ms]
2023-10-23 20:20:01.763 [info] > git ls-files --stage -- /mnt/c/Users/webma/Documents/robinsongr/E-commerce-rest-API/routes/index.js [26ms]
2023-10-23 20:20:01.764 [info] > git show --textconv :routes/index.js [36ms]
2023-10-23 20:38:44.769 [info] > git ls-files --stage -- /mnt/c/Users/webma/Documents/robinsongr/E-commerce-rest-API/index.js [18ms]
2023-10-23 20:38:44.808 [info] > git show --textconv :index.js [65ms]
2023-10-23 20:38:44.817 [info] > git cat-file -s 60abb39ba51aecafe2cc5fddc9f0fdebfae02cef [40ms]
2023-10-23 20:40:00.954 [info] > git ls-files --stage -- /mnt/c/Users/webma/Documents/robinsongr/E-commerce-rest-API/package-lock.json [17ms]
2023-10-23 20:40:01.002 [info] > git cat-file -s ac4fdcf298ed203d329592b1c05bffbcfe2bc92a [41ms]
2023-10-23 20:40:01.008 [info] > git show --textconv :package-lock.json [79ms]
2023-10-23 20:40:02.141 [info] > git ls-files --stage -- /mnt/c/Users/webma/Documents/robinsongr/E-commerce-rest-API/index.js [15ms]
2023-10-23 20:40:02.180 [info] > git show --textconv :index.js [62ms]
2023-10-23 20:40:02.185 [info] > git cat-file -s 60abb39ba51aecafe2cc5fddc9f0fdebfae02cef [37ms]
2023-10-23 20:40:03.461 [info] > git ls-files --stage -- /mnt/c/Users/webma/Documents/robinsongr/E-commerce-rest-API/routes/index.js [19ms]
2023-10-23 20:40:03.464 [info] > git show --textconv :routes/index.js [31ms]
