0 verbose cli /home/robin/.nvm/versions/node/v21.0.0/bin/node /home/robin/.nvm/versions/node/v21.0.0/bin/npm
1 info using npm@10.2.0
2 info using node@v21.0.0
3 timing npm:load:whichnode Completed in 1ms
4 timing config:load:defaults Completed in 1ms
5 timing config:load:file:/home/robin/.nvm/versions/node/v21.0.0/lib/node_modules/npm/npmrc Completed in 1ms
6 timing config:load:builtin Completed in 1ms
7 timing config:load:cli Completed in 2ms
8 timing config:load:env Completed in 1ms
9 timing config:load:file:/home/robin/.cache/typescript/5.2/.npmrc Completed in 0ms
10 timing config:load:project Completed in 4ms
11 timing config:load:file:/home/robin/.npmrc Completed in 0ms
12 timing config:load:user Completed in 0ms
13 timing config:load:file:/home/robin/.nvm/versions/node/v21.0.0/etc/npmrc Completed in 0ms
14 timing config:load:global Completed in 0ms
15 timing config:load:setEnvs Completed in 0ms
16 timing config:load Completed in 11ms
17 timing npm:load:configload Completed in 11ms
18 timing config:load:flatten Completed in 2ms
19 timing npm:load:mkdirpcache Completed in 0ms
20 timing npm:load:mkdirplogs Completed in 1ms
21 verbose title npm install types-registry@latest
22 verbose argv "install" "--ignore-scripts" "types-registry@latest"
23 timing npm:load:setTitle Completed in 2ms
24 timing npm:load:display Completed in 1ms
25 verbose logfile logs-max:10 dir:/home/robin/.npm/_logs/2023-10-20T23_57_09_062Z-
26 verbose logfile /home/robin/.npm/_logs/2023-10-20T23_57_09_062Z-debug-0.log
27 timing npm:load:logFile Completed in 8ms
28 timing npm:load:timers Completed in 0ms
29 timing npm:load:configScope Completed in 0ms
30 timing npm:load Completed in 41ms
31 timing arborist:ctor Completed in 1ms
32 silly logfile done cleaning log files
33 timing idealTree:init Completed in 22ms
34 timing arborist:ctor Completed in 0ms
35 http fetch GET 200 https://registry.npmjs.org/types-registry 295ms (cache miss)
36 timing idealTree:userRequests Completed in 300ms
37 silly idealTree buildDeps
38 silly fetch manifest types-registry@0.1.665
39 silly placeDep ROOT types-registry@0.1.665 REPLACE for:  want: 0.1.665
40 timing idealTree:#root Completed in 8ms
41 timing idealTree:node_modules/types-registry Completed in 0ms
42 timing idealTree:buildDeps Completed in 9ms
43 timing idealTree:fixDepFlags Completed in 0ms
44 timing idealTree Completed in 332ms
45 timing reify:loadTrees Completed in 332ms
46 timing reify:diffTrees Completed in 2ms
47 silly reify moves {}
48 timing reify:retireShallow Completed in 0ms
49 timing reify:createSparse Completed in 1ms
50 timing reify:loadBundles Completed in 0ms
51 silly audit bulk request {
51 silly audit   '@types/body-parser': [ '1.19.4' ],
51 silly audit   '@types/bytes': [ '3.1.3' ],
51 silly audit   '@types/connect': [ '3.4.37' ],
51 silly audit   '@types/content-type': [ '1.1.7' ],
51 silly audit   '@types/debug': [ '4.1.10' ],
51 silly audit   '@types/depd': [ '1.1.34' ],
51 silly audit   '@types/express': [ '4.17.20' ],
51 silly audit   '@types/express-serve-static-core': [ '4.17.39' ],
51 silly audit   '@types/http-errors': [ '2.0.3' ],
51 silly audit   '@types/merge-descriptors': [ '1.0.2' ],
51 silly audit   '@types/mime': [ '1.3.4' ],
51 silly audit   '@types/ms': [ '0.7.33' ],
51 silly audit   '@types/node': [ '20.8.7' ],
51 silly audit   '@types/pg': [ '8.10.7' ],
51 silly audit   '@types/pg-pool': [ '2.0.5' ],
51 silly audit   '@types/qs': [ '6.9.9' ],
51 silly audit   '@types/range-parser': [ '1.2.6' ],
51 silly audit   '@types/send': [ '0.17.3' ],
51 silly audit   '@types/serve-static': [ '1.15.4' ],
51 silly audit   '@types/type-is': [ '1.6.5' ],
51 silly audit   obuf: [ '1.1.2' ],
51 silly audit   'pg-int8': [ '1.0.1' ],
51 silly audit   'pg-numeric': [ '1.0.2' ],
51 silly audit   'pg-protocol': [ '1.6.0' ],
51 silly audit   'pg-types': [ '4.0.1' ],
51 silly audit   'postgres-array': [ '3.0.2' ],
51 silly audit   'postgres-bytea': [ '3.0.0' ],
51 silly audit   'postgres-date': [ '2.0.1' ],
51 silly audit   'postgres-interval': [ '3.0.0' ],
51 silly audit   'postgres-range': [ '1.1.3' ],
51 silly audit   'undici-types': [ '5.25.3' ],
51 silly audit   'types-registry': [ '0.1.665' ]
51 silly audit }
52 timing reify:unpack Completed in 1ms
53 timing reify:unretire Completed in 1ms
54 timing build:queue Completed in 0ms
55 timing build:deps Completed in 0ms
56 timing build Completed in 0ms
57 timing reify:build Completed in 0ms
58 timing reify:trash Completed in 0ms
59 timing reify:save Completed in 15ms
60 http fetch GET 200 https://registry.npmjs.org/npm 601ms (cache miss)
61 http fetch POST 200 https://registry.npmjs.org/-/npm/v1/security/advisories/bulk 366ms
62 timing auditReport:getReport Completed in 368ms
63 silly audit report {}
64 timing auditReport:init Completed in 0ms
65 timing reify:audit Completed in 368ms
66 timing reify Completed in 760ms
67 timing command:install Completed in 764ms
68 notice
68 notice New patch version of npm available! 10.2.0 -> 10.2.1
68 notice Changelog: <https://github.com/npm/cli/releases/tag/v10.2.1>
68 notice Run `npm install -g npm@10.2.1` to update!
68 notice
69 verbose exit 0
70 timing npm Completed in 1081ms
71 info ok
