0 verbose cli /home/robin/.nvm/versions/node/v21.0.0/bin/node /home/robin/.nvm/versions/node/v21.0.0/bin/npm
1 info using npm@10.2.0
2 info using node@v21.0.0
3 timing npm:load:whichnode Completed in 2ms
4 timing config:load:defaults Completed in 1ms
5 timing config:load:file:/home/robin/.nvm/versions/node/v21.0.0/lib/node_modules/npm/npmrc Completed in 0ms
6 timing config:load:builtin Completed in 1ms
7 timing config:load:cli Completed in 4ms
8 timing config:load:env Completed in 1ms
9 timing config:load:file:/home/robin/.cache/typescript/5.2/.npmrc Completed in 0ms
10 timing config:load:project Completed in 4ms
11 timing config:load:file:/home/robin/.npmrc Completed in 0ms
12 timing config:load:user Completed in 0ms
13 timing config:load:file:/home/robin/.nvm/versions/node/v21.0.0/etc/npmrc Completed in 0ms
14 timing config:load:global Completed in 0ms
15 timing config:load:setEnvs Completed in 0ms
16 timing config:load Completed in 13ms
17 timing npm:load:configload Completed in 13ms
18 timing config:load:flatten Completed in 2ms
19 timing npm:load:mkdirpcache Completed in 0ms
20 timing npm:load:mkdirplogs Completed in 1ms
21 verbose title npm install @types/express@ts5.2 @types/pg@ts5.2
22 verbose argv "install" "--ignore-scripts" "@types/express@ts5.2" "@types/pg@ts5.2" "--save-dev" "--user-agent" "typesInstaller/5.2.2"
23 timing npm:load:setTitle Completed in 0ms
24 timing npm:load:display Completed in 1ms
25 verbose logfile logs-max:10 dir:/home/robin/.npm/_logs/2023-10-20T23_57_10_394Z-
26 verbose logfile /home/robin/.npm/_logs/2023-10-20T23_57_10_394Z-debug-0.log
27 timing npm:load:logFile Completed in 6ms
28 timing npm:load:timers Completed in 0ms
29 timing npm:load:configScope Completed in 0ms
30 timing npm:load Completed in 36ms
31 timing arborist:ctor Completed in 1ms
32 silly logfile done cleaning log files
33 timing idealTree:init Completed in 26ms
34 timing arborist:ctor Completed in 0ms
35 http fetch GET 200 https://registry.npmjs.org/@types%2fexpress 167ms (cache miss)
36 http fetch GET 200 https://registry.npmjs.org/@types%2fpg 283ms (cache miss)
37 timing idealTree:userRequests Completed in 288ms
38 silly idealTree buildDeps
39 silly fetch manifest @types/express@4.17.20
40 silly fetch manifest @types/pg@8.10.7
41 silly placeDep ROOT @types/express@4.17.20 REPLACE for:  want: 4.17.20
42 silly placeDep ROOT @types/pg@8.10.7 REPLACE for:  want: 8.10.7
43 timing idealTree:#root Completed in 11ms
44 timing idealTree:node_modules/@types/express Completed in 0ms
45 timing idealTree:node_modules/@types/pg Completed in 0ms
46 timing idealTree:buildDeps Completed in 12ms
47 timing idealTree:fixDepFlags Completed in 0ms
48 timing idealTree Completed in 327ms
49 timing reify:loadTrees Completed in 327ms
50 timing reify:diffTrees Completed in 2ms
51 silly reify moves {}
52 timing reify:retireShallow Completed in 1ms
53 timing reify:createSparse Completed in 0ms
54 timing reify:loadBundles Completed in 0ms
55 silly audit bulk request {
55 silly audit   '@types/body-parser': [ '1.19.4' ],
55 silly audit   '@types/bytes': [ '3.1.3' ],
55 silly audit   '@types/connect': [ '3.4.37' ],
55 silly audit   '@types/content-type': [ '1.1.7' ],
55 silly audit   '@types/debug': [ '4.1.10' ],
55 silly audit   '@types/depd': [ '1.1.34' ],
55 silly audit   '@types/express-serve-static-core': [ '4.17.39' ],
55 silly audit   '@types/http-errors': [ '2.0.3' ],
55 silly audit   '@types/merge-descriptors': [ '1.0.2' ],
55 silly audit   '@types/mime': [ '1.3.4' ],
55 silly audit   '@types/ms': [ '0.7.33' ],
55 silly audit   '@types/node': [ '20.8.7' ],
55 silly audit   '@types/pg-pool': [ '2.0.5' ],
55 silly audit   '@types/qs': [ '6.9.9' ],
55 silly audit   '@types/range-parser': [ '1.2.6' ],
55 silly audit   '@types/send': [ '0.17.3' ],
55 silly audit   '@types/serve-static': [ '1.15.4' ],
55 silly audit   '@types/type-is': [ '1.6.5' ],
55 silly audit   obuf: [ '1.1.2' ],
55 silly audit   'pg-int8': [ '1.0.1' ],
55 silly audit   'pg-numeric': [ '1.0.2' ],
55 silly audit   'pg-protocol': [ '1.6.0' ],
55 silly audit   'pg-types': [ '4.0.1' ],
55 silly audit   'postgres-array': [ '3.0.2' ],
55 silly audit   'postgres-bytea': [ '3.0.0' ],
55 silly audit   'postgres-date': [ '2.0.1' ],
55 silly audit   'postgres-interval': [ '3.0.0' ],
55 silly audit   'postgres-range': [ '1.1.3' ],
55 silly audit   'types-registry': [ '0.1.665' ],
55 silly audit   'undici-types': [ '5.25.3' ],
55 silly audit   '@types/express': [ '4.17.20' ],
55 silly audit   '@types/pg': [ '8.10.7' ]
55 silly audit }
56 timing reify:unpack Completed in 0ms
57 timing reify:unretire Completed in 0ms
58 timing build:queue Completed in 0ms
59 timing build:deps Completed in 0ms
60 timing build Completed in 0ms
61 timing reify:build Completed in 1ms
62 timing reify:trash Completed in 0ms
63 timing reify:save Completed in 13ms
64 http fetch POST 200 https://registry.npmjs.org/-/npm/v1/security/advisories/bulk 410ms
65 timing auditReport:getReport Completed in 412ms
66 silly audit report {}
67 timing auditReport:init Completed in 0ms
68 timing reify:audit Completed in 413ms
69 timing reify Completed in 750ms
70 timing command:install Completed in 755ms
71 verbose exit 0
72 timing npm Completed in 922ms
73 info ok
