0 verbose cli /home/robin/.nvm/versions/node/v21.0.0/bin/node /home/robin/.nvm/versions/node/v21.0.0/bin/npm
1 info using npm@10.2.0
2 info using node@v21.0.0
3 timing npm:load:whichnode Completed in 1ms
4 timing config:load:defaults Completed in 1ms
5 timing config:load:file:/home/robin/.nvm/versions/node/v21.0.0/lib/node_modules/npm/npmrc Completed in 1ms
6 timing config:load:builtin Completed in 1ms
7 timing config:load:cli Completed in 2ms
8 timing config:load:env Completed in 1ms
9 timing config:load:file:/home/robin/.cache/typescript/5.2/.npmrc Completed in 0ms
10 timing config:load:project Completed in 4ms
11 timing config:load:file:/home/robin/.npmrc Completed in 0ms
12 timing config:load:user Completed in 0ms
13 timing config:load:file:/home/robin/.nvm/versions/node/v21.0.0/etc/npmrc Completed in 0ms
14 timing config:load:global Completed in 0ms
15 timing config:load:setEnvs Completed in 0ms
16 timing config:load Completed in 10ms
17 timing npm:load:configload Completed in 10ms
18 timing config:load:flatten Completed in 2ms
19 timing npm:load:mkdirpcache Completed in 0ms
20 timing npm:load:mkdirplogs Completed in 1ms
21 verbose title npm install types-registry@latest
22 verbose argv "install" "--ignore-scripts" "types-registry@latest"
23 timing npm:load:setTitle Completed in 1ms
24 timing npm:load:display Completed in 0ms
25 verbose logfile logs-max:10 dir:/home/robin/.npm/_logs/2023-10-23T20_43_32_064Z-
26 verbose logfile /home/robin/.npm/_logs/2023-10-23T20_43_32_064Z-debug-0.log
27 timing npm:load:logFile Completed in 7ms
28 timing npm:load:timers Completed in 0ms
29 timing npm:load:configScope Completed in 0ms
30 timing npm:load Completed in 36ms
31 timing arborist:ctor Completed in 1ms
32 silly logfile done cleaning log files
33 timing idealTree:init Completed in 23ms
34 timing arborist:ctor Completed in 0ms
35 http fetch GET 200 https://registry.npmjs.org/types-registry 794ms (cache updated)
36 timing idealTree:userRequests Completed in 800ms
37 silly idealTree buildDeps
38 silly fetch manifest types-registry@0.1.666
39 silly placeDep ROOT types-registry@0.1.666 REPLACE for:  want: 0.1.666
40 timing idealTree:#root Completed in 5ms
41 timing idealTree:node_modules/types-registry Completed in 0ms
42 timing idealTree:buildDeps Completed in 7ms
43 timing idealTree:fixDepFlags Completed in 0ms
44 timing idealTree Completed in 831ms
45 timing reify:loadTrees Completed in 831ms
46 timing reify:diffTrees Completed in 2ms
47 silly reify mark retired [ '/home/robin/.cache/typescript/5.2/node_modules/types-registry' ]
48 silly reify moves {
48 silly reify   '/home/robin/.cache/typescript/5.2/node_modules/types-registry': '/home/robin/.cache/typescript/5.2/node_modules/.types-registry-00XCu1ZU'
48 silly reify }
49 timing reify:retireShallow Completed in 3ms
50 timing reify:createSparse Completed in 0ms
51 timing reify:loadBundles Completed in 0ms
52 silly audit bulk request {
52 silly audit   '@types/body-parser': [ '1.19.4' ],
52 silly audit   '@types/bytes': [ '3.1.3' ],
52 silly audit   '@types/connect': [ '3.4.37' ],
52 silly audit   '@types/content-type': [ '1.1.7' ],
52 silly audit   '@types/debug': [ '4.1.10' ],
52 silly audit   '@types/depd': [ '1.1.34' ],
52 silly audit   '@types/express': [ '4.17.20' ],
52 silly audit   '@types/express-serve-static-core': [ '4.17.39' ],
52 silly audit   '@types/http-errors': [ '2.0.3' ],
52 silly audit   '@types/merge-descriptors': [ '1.0.2' ],
52 silly audit   '@types/mime': [ '1.3.4' ],
52 silly audit   '@types/ms': [ '0.7.33' ],
52 silly audit   '@types/node': [ '20.8.7' ],
52 silly audit   '@types/pg': [ '8.10.7' ],
52 silly audit   '@types/pg-pool': [ '2.0.5' ],
52 silly audit   '@types/qs': [ '6.9.9' ],
52 silly audit   '@types/range-parser': [ '1.2.6' ],
52 silly audit   '@types/send': [ '0.17.3' ],
52 silly audit   '@types/serve-static': [ '1.15.4' ],
52 silly audit   '@types/type-is': [ '1.6.5' ],
52 silly audit   obuf: [ '1.1.2' ],
52 silly audit   'pg-int8': [ '1.0.1' ],
52 silly audit   'pg-numeric': [ '1.0.2' ],
52 silly audit   'pg-protocol': [ '1.6.0' ],
52 silly audit   'pg-types': [ '4.0.1' ],
52 silly audit   'postgres-array': [ '3.0.2' ],
52 silly audit   'postgres-bytea': [ '3.0.0' ],
52 silly audit   'postgres-date': [ '2.0.1' ],
52 silly audit   'postgres-interval': [ '3.0.0' ],
52 silly audit   'postgres-range': [ '1.1.3' ],
52 silly audit   'undici-types': [ '5.25.3' ],
52 silly audit   'types-registry': [ '0.1.666' ]
52 silly audit }
53 silly tarball no local data for types-registry@https://registry.npmjs.org/types-registry/-/types-registry-0.1.666.tgz. Extracting by manifest.
54 http fetch GET 200 https://registry.npmjs.org/types-registry/-/types-registry-0.1.666.tgz 391ms (cache miss)
55 timing reifyNode:node_modules/types-registry Completed in 397ms
56 timing reify:unpack Completed in 397ms
57 timing reify:unretire Completed in 0ms
58 timing build:queue Completed in 1ms
59 timing build:deps Completed in 1ms
60 timing build Completed in 1ms
61 timing reify:build Completed in 1ms
62 timing reify:trash Completed in 1ms
63 timing reify:save Completed in 16ms
64 http fetch POST 200 https://registry.npmjs.org/-/npm/v1/security/advisories/bulk 423ms
65 timing auditReport:getReport Completed in 425ms
66 silly audit report {}
67 timing auditReport:init Completed in 0ms
68 timing reify:audit Completed in 425ms
69 timing reify Completed in 1268ms
70 silly CHANGE node_modules/types-registry
71 timing command:install Completed in 1273ms
72 verbose exit 0
73 timing npm Completed in 1574ms
74 info ok
