0 verbose cli /home/robin/.nvm/versions/node/v21.0.0/bin/node /home/robin/.nvm/versions/node/v21.0.0/bin/npm
1 info using npm@10.2.0
2 info using node@v21.0.0
3 timing npm:load:whichnode Completed in 2ms
4 timing config:load:defaults Completed in 1ms
5 timing config:load:file:/home/robin/.nvm/versions/node/v21.0.0/lib/node_modules/npm/npmrc Completed in 1ms
6 timing config:load:builtin Completed in 1ms
7 timing config:load:cli Completed in 2ms
8 timing config:load:env Completed in 0ms
9 timing config:load:file:/home/robin/.cache/typescript/5.2/.npmrc Completed in 0ms
10 timing config:load:project Completed in 4ms
11 timing config:load:file:/home/robin/.npmrc Completed in 0ms
12 timing config:load:user Completed in 0ms
13 timing config:load:file:/home/robin/.nvm/versions/node/v21.0.0/etc/npmrc Completed in 1ms
14 timing config:load:global Completed in 1ms
15 timing config:load:setEnvs Completed in 0ms
16 timing config:load Completed in 10ms
17 timing npm:load:configload Completed in 10ms
18 timing config:load:flatten Completed in 2ms
19 timing npm:load:mkdirpcache Completed in 0ms
20 timing npm:load:mkdirplogs Completed in 0ms
21 verbose title npm install @types/express@ts5.2
22 verbose argv "install" "--ignore-scripts" "@types/express@ts5.2" "--save-dev" "--user-agent" "typesInstaller/5.2.2"
23 timing npm:load:setTitle Completed in 1ms
24 timing npm:load:display Completed in 0ms
25 verbose logfile logs-max:10 dir:/home/robin/.npm/_logs/2023-11-25T01_42_53_662Z-
26 verbose logfile /home/robin/.npm/_logs/2023-11-25T01_42_53_662Z-debug-0.log
27 timing npm:load:logFile Completed in 6ms
28 timing npm:load:timers Completed in 0ms
29 timing npm:load:configScope Completed in 0ms
30 timing npm:load Completed in 33ms
31 timing arborist:ctor Completed in 1ms
32 silly logfile start cleaning logs, removing 1 files
33 silly logfile done cleaning log files
34 timing idealTree:init Completed in 24ms
35 timing arborist:ctor Completed in 0ms
36 http fetch GET 200 https://registry.npmjs.org/@types%2fexpress 392ms (cache updated)
37 timing idealTree:userRequests Completed in 396ms
38 silly idealTree buildDeps
39 silly fetch manifest @types/express@4.17.21
40 silly placeDep ROOT @types/express@4.17.21 REPLACE for:  want: 4.17.21
41 timing idealTree:#root Completed in 6ms
42 timing idealTree:node_modules/@types/express Completed in 0ms
43 timing idealTree:buildDeps Completed in 7ms
44 timing idealTree:fixDepFlags Completed in 1ms
45 timing idealTree Completed in 428ms
46 timing reify:loadTrees Completed in 428ms
47 timing reify:diffTrees Completed in 1ms
48 silly reify mark retired [ '/home/robin/.cache/typescript/5.2/node_modules/@types/express' ]
49 silly reify moves {
49 silly reify   '/home/robin/.cache/typescript/5.2/node_modules/@types/express': '/home/robin/.cache/typescript/5.2/node_modules/@types/.express-64yRAtGX'
49 silly reify }
50 timing reify:retireShallow Completed in 3ms
51 timing reify:createSparse Completed in 1ms
52 timing reify:loadBundles Completed in 0ms
53 silly audit bulk request {
53 silly audit   '@types/body-parser': [ '1.19.4' ],
53 silly audit   '@types/bytes': [ '3.1.3' ],
53 silly audit   '@types/connect': [ '3.4.37' ],
53 silly audit   '@types/content-type': [ '1.1.7' ],
53 silly audit   '@types/debug': [ '4.1.10' ],
53 silly audit   '@types/depd': [ '1.1.34' ],
53 silly audit   '@types/express-serve-static-core': [ '4.17.39' ],
53 silly audit   '@types/http-errors': [ '2.0.3' ],
53 silly audit   '@types/merge-descriptors': [ '1.0.2' ],
53 silly audit   '@types/mime': [ '1.3.4' ],
53 silly audit   '@types/ms': [ '0.7.33' ],
53 silly audit   '@types/node': [ '20.8.7' ],
53 silly audit   '@types/pg': [ '8.10.7' ],
53 silly audit   '@types/pg-pool': [ '2.0.5' ],
53 silly audit   '@types/qs': [ '6.9.9' ],
53 silly audit   '@types/range-parser': [ '1.2.6' ],
53 silly audit   '@types/send': [ '0.17.3' ],
53 silly audit   '@types/serve-static': [ '1.15.4' ],
53 silly audit   '@types/type-is': [ '1.6.5' ],
53 silly audit   obuf: [ '1.1.2' ],
53 silly audit   'pg-int8': [ '1.0.1' ],
53 silly audit   'pg-numeric': [ '1.0.2' ],
53 silly audit   'pg-protocol': [ '1.6.0' ],
53 silly audit   'pg-types': [ '4.0.1' ],
53 silly audit   'postgres-array': [ '3.0.2' ],
53 silly audit   'postgres-bytea': [ '3.0.0' ],
53 silly audit   'postgres-date': [ '2.0.1' ],
53 silly audit   'postgres-interval': [ '3.0.0' ],
53 silly audit   'postgres-range': [ '1.1.3' ],
53 silly audit   'types-registry': [ '0.1.671' ],
53 silly audit   'undici-types': [ '5.25.3' ],
53 silly audit   '@types/express': [ '4.17.21' ]
53 silly audit }
54 silly tarball no local data for @types/express@https://registry.npmjs.org/@types/express/-/express-4.17.21.tgz. Extracting by manifest.
55 http fetch POST 200 https://registry.npmjs.org/-/npm/v1/security/advisories/bulk 183ms
56 timing auditReport:getReport Completed in 184ms
57 silly audit report {}
58 timing auditReport:init Completed in 0ms
59 timing reify:audit Completed in 185ms
60 http fetch GET 200 https://registry.npmjs.org/@types/express/-/express-4.17.21.tgz 597ms (cache miss)
61 timing reifyNode:node_modules/@types/express Completed in 603ms
62 timing reify:unpack Completed in 603ms
63 timing reify:unretire Completed in 0ms
64 timing build:queue Completed in 0ms
65 timing build:deps Completed in 0ms
66 timing build Completed in 0ms
67 timing reify:build Completed in 0ms
68 timing reify:trash Completed in 2ms
69 timing reify:save Completed in 14ms
70 timing reify Completed in 1074ms
71 silly CHANGE node_modules/@types/express
72 timing command:install Completed in 1078ms
73 verbose exit 0
74 timing npm Completed in 1235ms
75 info ok
