2023-10-20 20:42:21 Creating PostgreSQL connection for 1697852533312/postgres
2023-10-20 20:42:21 Closing conneciton 1697852533312/postgres
2023-10-20 20:42:23 Creating PostgreSQL connection for 1697852533312/postgres
2023-10-20 20:42:23 Closing conneciton 1697852533312/postgres
2023-10-20 20:42:23 Creating PostgreSQL connection for 1697852533312/postgres
2023-10-20 20:42:23 Closing conneciton 1697852533312/postgres
2023-10-20 20:42:24 Creating PostgreSQL connection for 1697852533312/postgres
2023-10-20 20:42:24 Closing conneciton 1697852533312/postgres
2023-10-20 20:42:27 Creating PostgreSQL connection for 1697852533312/postgres
2023-10-20 20:42:27 Closing conneciton 1697852533312/postgres
2023-10-20 20:42:27 Creating PostgreSQL connection for 1697852533312/postgres
2023-10-20 20:42:27 Closing conneciton 1697852533312/postgres
2023-10-20 20:42:27 Creating PostgreSQL connection for 1697852533312/postgres
2023-10-20 20:42:27 Closing conneciton 1697852533312/postgres
2023-10-20 20:42:27 Creating PostgreSQL connection for 1697852533312/postgres
2023-10-20 20:42:27 Closing conneciton 1697852533312/postgres
2023-10-20 20:42:28 Creating PostgreSQL connection for 1697852533312/postgres
2023-10-20 20:42:28 Closing conneciton 1697852533312/postgres
2023-10-20 20:42:28 Creating PostgreSQL connection for 1697852533312/postgres
2023-10-20 20:42:28 Closing conneciton 1697852533312/postgres
2023-10-20 20:42:28 Creating PostgreSQL connection for 1697852533312/postgres
2023-10-20 20:42:28 Closing conneciton 1697852533312/postgres
2023-10-20 20:42:29 Creating PostgreSQL connection for 1697852533312/postgres
2023-10-20 20:42:29 Closing conneciton 1697852533312/postgres
2023-10-20 20:42:29 Creating PostgreSQL connection for 1697852533312/postgres
2023-10-20 20:42:29 Closing conneciton 1697852533312/postgres
2023-10-20 20:42:29 Creating PostgreSQL connection for 1697852533312/postgres
2023-10-20 20:42:29 Closing conneciton 1697852533312/postgres
2023-10-20 20:42:38 Creating PostgreSQL connection for 1697852533312/bamboo
2023-10-20 20:42:38 Closing conneciton 1697852533312/bamboo
2023-10-20 20:42:39 Creating PostgreSQL connection for 1697852533312/bamboo
2023-10-20 20:42:39 Closing conneciton 1697852533312/bamboo
2023-10-20 20:42:39 Creating PostgreSQL connection for 1697852533312/bamboo
2023-10-20 20:42:39 Closing conneciton 1697852533312/bamboo
2023-10-20 20:42:40 Creating PostgreSQL connection for 1697852533312/bamboo
2023-10-20 20:42:40 Closing conneciton 1697852533312/bamboo
2023-10-20 20:53:18 Creating PostgreSQL connection for 1697852533312/bamboo
2023-10-20 20:53:18 Closing conneciton 1697852533312/bamboo
2023-10-20 20:53:18 Creating PostgreSQL connection for 1697852533312/bamboo
2023-10-20 20:53:18 Closing conneciton 1697852533312/bamboo
2023-10-20 20:53:19 Creating PostgreSQL connection for 1697852533312/bamboo
2023-10-20 20:53:19 Closing conneciton 1697852533312/bamboo
2023-10-20 20:53:19 Creating PostgreSQL connection for 1697852533312/bamboo
2023-10-20 20:53:19 Closing conneciton 1697852533312/bamboo
2023-10-20 20:53:20 Creating PostgreSQL connection for 1697852533312/bamboo
2023-10-20 20:53:20 Closing conneciton 1697852533312/bamboo
2023-10-20 20:53:27 Creating PostgreSQL connection for 1697852533312/bamboo
2023-10-20 20:53:27 Closing conneciton 1697852533312/bamboo
2023-10-20 20:55:36 Creating PostgreSQL connection for 1697852533312/bamboo
2023-10-20 20:55:36 Closing conneciton 1697852533312/bamboo
2023-10-20 20:55:36 Creating PostgreSQL connection for 1697852533312/bamboo
2023-10-20 20:55:36 Closing conneciton 1697852533312/bamboo
2023-10-20 20:55:37 Creating PostgreSQL connection for 1697852533312/bamboo
2023-10-20 20:55:37 Closing conneciton 1697852533312/bamboo
2023-10-20 20:55:37 Creating PostgreSQL connection for 1697852533312/bamboo
2023-10-20 20:55:37 Closing conneciton 1697852533312/bamboo
2023-10-20 20:55:38 Creating PostgreSQL connection for 1697852533312/bamboo
2023-10-20 20:55:38 Closing conneciton 1697852533312/bamboo
2023-10-20 20:55:51 Creating PostgreSQL connection for 1697852533312/bamboo
2023-10-20 20:55:51 Closing conneciton 1697852533312/bamboo
2023-10-20 20:55:51 Creating PostgreSQL connection for 1697852533312/bamboo
2023-10-20 20:55:51 Closing conneciton 1697852533312/bamboo
2023-10-20 20:55:51 Creating PostgreSQL connection for 1697852533312/bamboo
2023-10-20 20:55:52 Closing conneciton 1697852533312/bamboo
2023-10-20 20:55:54 Creating PostgreSQL connection for 1697852533312/bamboo
2023-10-20 20:55:54 Closing conneciton 1697852533312/bamboo
2023-10-20 20:55:54 Creating PostgreSQL connection for 1697852533312/bamboo
2023-10-20 20:55:54 Closing conneciton 1697852533312/bamboo
2023-10-20 20:55:55 Creating PostgreSQL connection for 1697852533312/bamboo
2023-10-20 20:55:55 Closing conneciton 1697852533312/bamboo
2023-10-20 20:55:55 Creating PostgreSQL connection for 1697852533312/bamboo
2023-10-20 20:55:55 Closing conneciton 1697852533312/bamboo
2023-10-20 20:55:55 Creating PostgreSQL connection for 1697852533312/bamboo
2023-10-20 20:55:55 Closing conneciton 1697852533312/bamboo
2023-10-20 20:55:55 Creating PostgreSQL connection for 1697852533312/bamboo
2023-10-20 20:55:55 Closing conneciton 1697852533312/bamboo
2023-10-20 20:55:55 Creating PostgreSQL connection for 1697852533312/bamboo
2023-10-20 20:55:55 Closing conneciton 1697852533312/bamboo
2023-10-20 20:55:56 Creating PostgreSQL connection for 1697852533312/bamboo
2023-10-20 20:55:56 Closing conneciton 1697852533312/bamboo
2023-10-20 20:55:56 Creating PostgreSQL connection for 1697852533312/bamboo
2023-10-20 20:55:56 Closing conneciton 1697852533312/bamboo
2023-10-20 20:55:56 Creating PostgreSQL connection for 1697852533312/bamboo
2023-10-20 20:55:56 Closing conneciton 1697852533312/bamboo
2023-10-20 20:55:59 Creating PostgreSQL connection for 1697852533312/bamboo
2023-10-20 20:55:59 Closing conneciton 1697852533312/bamboo
2023-10-20 20:55:59 Creating PostgreSQL connection for 1697852533312/bamboo
2023-10-20 20:55:59 Closing conneciton 1697852533312/bamboo
2023-10-20 20:56:02 Creating PostgreSQL connection for 1697852533312/bamboo
2023-10-20 20:56:02 Closing conneciton 1697852533312/bamboo
2023-10-20 20:56:03 Creating PostgreSQL connection for 1697852533312/bamboo
2023-10-20 20:56:03 Closing conneciton 1697852533312/bamboo
2023-10-20 20:56:03 Creating PostgreSQL connection for 1697852533312/bamboo
2023-10-20 20:56:03 Closing conneciton 1697852533312/bamboo
2023-10-20 20:56:15 Creating PostgreSQL connection for 1697852533312/bamboo
2023-10-20 20:56:15 Closing conneciton 1697852533312/bamboo
2023-10-20 21:19:26 Creating PostgreSQL connection for 1697852533312/bamboo
2023-10-20 21:19:26 Closing conneciton 1697852533312/bamboo
2023-10-20 21:23:39 Creating PostgreSQL connection for 1697852533312/bamboo
2023-10-20 21:23:39 Closing conneciton 1697852533312/bamboo
2023-10-20 21:23:40 Creating PostgreSQL connection for 1697852533312/bamboo
2023-10-20 21:23:40 Closing conneciton 1697852533312/bamboo
2023-10-20 21:23:40 Creating PostgreSQL connection for 1697852533312/bamboo
2023-10-20 21:23:40 Closing conneciton 1697852533312/bamboo
2023-10-20 21:23:57 Creating PostgreSQL connection for 1697852533312/bamboo
2023-10-20 21:23:57 Closing conneciton 1697852533312/bamboo
2023-10-20 21:23:58 Creating PostgreSQL connection for 1697852533312/bamboo
2023-10-20 21:23:58 Closing conneciton 1697852533312/bamboo
2023-10-20 21:23:58 Creating PostgreSQL connection for 1697852533312/bamboo
2023-10-20 21:23:58 Closing conneciton 1697852533312/bamboo
2023-10-20 21:23:58 Creating PostgreSQL connection for 1697852533312/bamboo
2023-10-20 21:23:58 Closing conneciton 1697852533312/bamboo
2023-10-20 21:25:41 Creating PostgreSQL connection for 1697852533312/bamboo
2023-10-20 21:25:41 Closing conneciton 1697852533312/bamboo
2023-10-20 21:25:42 Creating PostgreSQL connection for 1697852533312/bamboo
2023-10-20 21:25:42 Closing conneciton 1697852533312/bamboo
2023-10-20 21:25:42 Creating PostgreSQL connection for 1697852533312/bamboo
2023-10-20 21:25:42 Closing conneciton 1697852533312/bamboo
2023-10-20 21:25:42 Creating PostgreSQL connection for 1697852533312/bamboo
2023-10-20 21:25:42 Closing conneciton 1697852533312/bamboo
2023-10-20 21:25:44 Creating PostgreSQL connection for 1697852533312/bamboo
2023-10-20 21:25:44 Closing conneciton 1697852533312/bamboo
2023-10-20 21:25:44 Creating PostgreSQL connection for 1697852533312/bamboo
2023-10-20 21:25:44 Closing conneciton 1697852533312/bamboo
2023-10-20 21:25:45 Creating PostgreSQL connection for 1697852533312/bamboo
2023-10-20 21:25:45 Closing conneciton 1697852533312/bamboo
2023-10-20 21:25:45 Creating PostgreSQL connection for 1697852533312/bamboo
2023-10-20 21:25:45 Closing conneciton 1697852533312/bamboo
2023-10-20 21:25:55 Creating PostgreSQL connection for 1697852533312/test
2023-10-20 21:25:55 Closing conneciton 1697852533312/test
2023-10-20 21:25:55 Creating PostgreSQL connection for 1697852533312/test
2023-10-20 21:25:55 Closing conneciton 1697852533312/test
2023-10-20 21:25:56 Creating PostgreSQL connection for 1697852533312/test
2023-10-20 21:25:56 Closing conneciton 1697852533312/test
2023-10-20 21:25:56 Creating PostgreSQL connection for 1697852533312/test
2023-10-20 21:25:56 Closing conneciton 1697852533312/test
2023-10-20 21:26:04 Creating PostgreSQL connection for 1697852533312/test
2023-10-20 21:26:04 Closing conneciton 1697852533312/test
2023-10-20 21:26:05 Creating PostgreSQL connection for 1697852533312/test
2023-10-20 21:26:05 Closing conneciton 1697852533312/test
2023-10-20 21:26:05 Creating PostgreSQL connection for 1697852533312/test
2023-10-20 21:26:05 Closing conneciton 1697852533312/test
2023-10-20 21:26:05 Creating PostgreSQL connection for 1697852533312/test
2023-10-20 21:26:05 Closing conneciton 1697852533312/test
2023-10-20 21:26:05 Creating PostgreSQL connection for 1697852533312/test
2023-10-20 21:26:05 Closing conneciton 1697852533312/test
2023-10-20 21:26:06 Creating PostgreSQL connection for 1697852533312/test
2023-10-20 21:26:06 Closing conneciton 1697852533312/test
2023-10-20 21:26:06 Creating PostgreSQL connection for 1697852533312/test
2023-10-20 21:26:06 Closing conneciton 1697852533312/test
2023-10-20 21:26:06 Creating PostgreSQL connection for 1697852533312/test
2023-10-20 21:26:06 Closing conneciton 1697852533312/test
2023-10-20 21:26:06 Creating PostgreSQL connection for 1697852533312/test
2023-10-20 21:26:06 Closing conneciton 1697852533312/test
2023-10-20 21:26:06 Creating PostgreSQL connection for 1697852533312/test
2023-10-20 21:26:06 Closing conneciton 1697852533312/test
2023-10-20 21:26:06 Creating PostgreSQL connection for 1697852533312/test
2023-10-20 21:26:06 Closing conneciton 1697852533312/test
2023-10-20 21:26:21 Creating PostgreSQL connection for 1697852533312/test
2023-10-20 21:26:21 Closing conneciton 1697852533312/test
2023-10-20 21:26:21 Creating PostgreSQL connection for 1697852533312/test
2023-10-20 21:26:21 Closing conneciton 1697852533312/test
2023-10-20 21:26:23 Creating PostgreSQL connection for 1697852533312/test
2023-10-20 21:26:23 Closing conneciton 1697852533312/test
2023-10-20 21:26:23 Creating PostgreSQL connection for 1697852533312/test
2023-10-20 21:26:23 Closing conneciton 1697852533312/test
2023-10-20 22:06:30 Creating PostgreSQL connection for 1697852533312/test
2023-10-20 22:06:30 Closing conneciton 1697852533312/test
2023-10-20 22:06:31 Creating PostgreSQL connection for 1697852533312/test
2023-10-20 22:06:31 Closing conneciton 1697852533312/test
2023-10-20 22:06:31 Creating PostgreSQL connection for 1697852533312/test
2023-10-20 22:06:31 Closing conneciton 1697852533312/test
2023-10-20 22:06:31 Creating PostgreSQL connection for 1697852533312/test
2023-10-20 22:06:31 Closing conneciton 1697852533312/test
2023-10-20 22:06:31 Creating PostgreSQL connection for 1697852533312/test
2023-10-20 22:06:31 Closing conneciton 1697852533312/test
2023-10-20 22:06:34 Creating PostgreSQL connection for 1697852533312/test
2023-10-20 22:06:34 Closing conneciton 1697852533312/test
2023-10-20 22:06:37 Creating PostgreSQL connection for 1697852533312/bamboo
2023-10-20 22:06:37 Closing conneciton 1697852533312/bamboo
2023-10-20 22:06:39 Creating PostgreSQL connection for 1697852533312/bamboo
2023-10-20 22:06:39 Closing conneciton 1697852533312/bamboo
2023-10-20 22:06:39 Creating PostgreSQL connection for 1697852533312/bamboo
2023-10-20 22:06:39 Closing conneciton 1697852533312/bamboo
2023-10-20 22:06:39 Creating PostgreSQL connection for 1697852533312/bamboo
2023-10-20 22:06:39 Closing conneciton 1697852533312/bamboo
2023-10-20 22:06:40 Creating PostgreSQL connection for 1697852533312/bamboo
2023-10-20 22:06:40 Closing conneciton 1697852533312/bamboo
2023-10-20 22:06:40 Creating PostgreSQL connection for 1697852533312/bamboo
2023-10-20 22:06:40 Closing conneciton 1697852533312/bamboo
2023-10-20 22:06:40 Creating PostgreSQL connection for 1697852533312/bamboo
2023-10-20 22:06:40 Closing conneciton 1697852533312/bamboo
2023-10-20 22:06:40 Creating PostgreSQL connection for 1697852533312/bamboo
2023-10-20 22:06:40 Closing conneciton 1697852533312/bamboo
2023-10-20 22:06:40 Creating PostgreSQL connection for 1697852533312/bamboo
2023-10-20 22:06:40 Closing conneciton 1697852533312/bamboo
2023-10-20 22:06:40 Creating PostgreSQL connection for 1697852533312/bamboo
2023-10-20 22:06:40 Closing conneciton 1697852533312/bamboo
2023-10-20 22:06:41 Creating PostgreSQL connection for 1697852533312/bamboo
2023-10-20 22:06:41 Closing conneciton 1697852533312/bamboo
2023-10-20 22:06:41 Creating PostgreSQL connection for 1697852533312/bamboo
2023-10-20 22:06:41 Closing conneciton 1697852533312/bamboo
2023-10-20 22:06:41 Creating PostgreSQL connection for 1697852533312/bamboo
2023-10-20 22:06:41 Closing conneciton 1697852533312/bamboo
2023-10-20 22:06:41 Creating PostgreSQL connection for 1697852533312/bamboo
2023-10-20 22:06:41 Closing conneciton 1697852533312/bamboo
2023-10-20 22:06:41 Creating PostgreSQL connection for 1697852533312/bamboo
2023-10-20 22:06:41 Closing conneciton 1697852533312/bamboo
2023-10-20 22:06:42 Creating PostgreSQL connection for 1697852533312/bamboo
2023-10-20 22:06:42 Closing conneciton 1697852533312/bamboo
2023-10-20 22:06:42 Creating PostgreSQL connection for 1697852533312/bamboo
2023-10-20 22:06:42 Closing conneciton 1697852533312/bamboo
2023-10-20 22:06:42 Creating PostgreSQL connection for 1697852533312/bamboo
2023-10-20 22:06:42 Closing conneciton 1697852533312/bamboo
2023-10-20 22:06:42 Creating PostgreSQL connection for 1697852533312/bamboo
2023-10-20 22:06:42 Closing conneciton 1697852533312/bamboo
2023-10-20 22:19:04 Creating PostgreSQL connection for 1697852533312/bamboo
2023-10-20 22:19:04 Creating PostgreSQL connection for 1697852533312/bamboo_tree
2023-10-20 22:19:04 Closing conneciton 1697852533312/bamboo
2023-10-20 22:19:04 Closing conneciton 1697852533312/bamboo_tree
